<?xml version="1.0" encoding="UTF-8"?>
<!-- Generated by org.testng.reporters.JUnitReportReporter -->
<testsuite skipped="0" hostname="LAPTOP-G9HHL1F8" name="TestCaseExecution.ExecuteCases" tests="1" failures="0" timestamp="16 Jan 2021 19:59:55 GMT" time="0.008" errors="0">
  <testcase name="g" time="0.008" classname="TestCaseExecution.ExecuteCases"/>
</testsuite> <!-- TestCaseExecution.ExecuteCases -->
